<?xml version="1.0" encoding="UTF-8"?>
<!-- Generated by org.testng.reporters.JUnitReportReporter -->
<testsuite hostname="LAPTOP-IF1T13DB" failures="0" tests="6" name="test.TC001_LoginPage" time="144.113" errors="0" timestamp="2024-08-11T12:22:40 IST" skipped="0">
  <testcase classname="test.TC001_LoginPage" name="signUptest" time="11.047"/>
  <testcase classname="test.TC001_LoginPage" name="signUptest" time="10.930"/>
  <testcase classname="test.TC001_LoginPage" name="payment" time="3.317"/>
  <testcase classname="test.TC001_LoginPage" name="oneWayFlight" time="58.721"/>
  <testcase classname="test.TC001_LoginPage" name="payment" time="3.732"/>
  <testcase classname="test.TC001_LoginPage" name="oneWayFlight" time="56.366"/>
</testsuite> <!-- test.TC001_LoginPage -->
