<?xml version="1.0" encoding="UTF-8"?>
<!-- Generated by org.testng.reporters.JUnitReportReporter -->
<testsuite hostname="LAPTOP-IF1T13DB" failures="0" tests="1" name="test.TC001_SignUp" time="10.419" errors="0" timestamp="2024-08-06T18:06:36 IST" skipped="0">
  <testcase classname="test.TC001_SignUp" name="signUptest" time="10.419"/>
</testsuite> <!-- test.TC001_SignUp -->
